[   184.251] (--) Log file renamed from "/home/vcheremnykh/.local/share/xorg/Xorg.pid-2349.log" to "/home/vcheremnykh/.local/share/xorg/Xorg.0.log"
[   184.266] 
X.Org X Server 1.20.8
X Protocol Version 11, Revision 0
[   184.266] Build Operating System: Linux 4.15.0-124-generic x86_64 Ubuntu
[   184.266] Current Operating System: Linux vcheremnykh-VBox 5.4.0-70-generic #78~18.04.1-Ubuntu SMP Sat Mar 20 14:10:07 UTC 2021 x86_64
[   184.266] Kernel command line: BOOT_IMAGE=/boot/vmlinuz-5.4.0-70-generic root=UUID=cdab2849-de1c-4c6b-85f7-9eef81d2b96d ro quiet splash
[   184.266] Build Date: 30 November 2020  05:59:23PM
[   184.266] xorg-server-hwe-18.04 2:1.20.8-2ubuntu2.2~18.04.4 (For technical support please see http://www.ubuntu.com/support) 
[   184.266] Current version of pixman: 0.34.0
[   184.266] 	Before reporting problems, check http://wiki.x.org
	to make sure that you have the latest version.
[   184.266] Markers: (--) probed, (**) from config file, (==) default setting,
	(++) from command line, (!!) notice, (II) informational,
	(WW) warning, (EE) error, (NI) not implemented, (??) unknown.
[   184.266] (==) Log file: "/home/vcheremnykh/.local/share/xorg/Xorg.0.log", Time: Sun Apr 11 17:54:38 2021
[   184.296] (==) Using system config directory "/usr/share/X11/xorg.conf.d"
[   184.345] (==) No Layout section.  Using the first Screen section.
[   184.345] (==) No screen section available. Using defaults.
[   184.345] (**) |-->Screen "Default Screen Section" (0)
[   184.345] (**) |   |-->Monitor "<default monitor>"
[   184.347] (==) No monitor specified for screen "Default Screen Section".
	Using a default monitor configuration.
[   184.347] (==) Automatically adding devices
[   184.348] (==) Automatically enabling devices
[   184.348] (==) Automatically adding GPU devices
[   184.348] (==) Automatically binding GPU devices
[   184.348] (==) Max clients allowed: 256, resource mask: 0x1fffff
[   184.348] (WW) The directory "/usr/share/fonts/X11/cyrillic" does not exist.
[   184.348] 	Entry deleted from font path.
[   184.348] (WW) The directory "/usr/share/fonts/X11/100dpi/" does not exist.
[   184.348] 	Entry deleted from font path.
[   184.348] (WW) The directory "/usr/share/fonts/X11/75dpi/" does not exist.
[   184.348] 	Entry deleted from font path.
[   184.348] (WW) The directory "/usr/share/fonts/X11/100dpi" does not exist.
[   184.348] 	Entry deleted from font path.
[   184.348] (WW) The directory "/usr/share/fonts/X11/75dpi" does not exist.
[   184.348] 	Entry deleted from font path.
[   184.348] (==) FontPath set to:
	/usr/share/fonts/X11/misc,
	/usr/share/fonts/X11/Type1,
	built-ins
[   184.348] (==) ModulePath set to "/usr/lib/xorg/modules"
[   184.348] (II) The server relies on udev to provide the list of input devices.
	If no devices become available, reconfigure udev or disable AutoAddDevices.
[   184.348] (II) Loader magic: 0x55585154d020
[   184.348] (II) Module ABI versions:
[   184.348] 	X.Org ANSI C Emulation: 0.4
[   184.348] 	X.Org Video Driver: 24.1
[   184.348] 	X.Org XInput driver : 24.1
[   184.348] 	X.Org Server Extension : 10.0
[   184.352] (++) using VT number 2

[   184.388] (II) systemd-logind: took control of session /org/freedesktop/login1/session/_33
[   184.391] (II) xfree86: Adding drm device (/dev/dri/card0)
[   184.397] (II) systemd-logind: got fd for /dev/dri/card0 226:0 fd 12 paused 0
[   184.399] (--) PCI:*(0@0:2:0) 15ad:0405:15ad:0405 rev 0, Mem @ 0xe0000000/16777216, 0xf0000000/2097152, I/O @ 0x0000d010/16, BIOS @ 0x????????/131072
[   184.399] (II) LoadModule: "glx"
[   184.412] (II) Loading /usr/lib/xorg/modules/extensions/libglx.so
[   184.432] (II) Module glx: vendor="X.Org Foundation"
[   184.432] 	compiled for 1.20.8, module version = 1.0.0
[   184.432] 	ABI class: X.Org Server Extension, version 10.0
[   184.432] (==) Matched vmware as autoconfigured driver 0
[   184.432] (==) Matched modesetting as autoconfigured driver 1
[   184.432] (==) Matched fbdev as autoconfigured driver 2
[   184.432] (==) Matched vesa as autoconfigured driver 3
[   184.432] (==) Assigned the driver to the xf86ConfigLayout
[   184.432] (II) LoadModule: "vmware"
[   184.432] (II) Loading /usr/lib/xorg/modules/drivers/vmware_drv.so
[   184.536] (II) Module vmware: vendor="X.Org Foundation"
[   184.536] 	compiled for 1.20.1, module version = 13.3.0
[   184.537] 	Module class: X.Org Video Driver
[   184.537] 	ABI class: X.Org Video Driver, version 24.0
[   184.537] (II) LoadModule: "modesetting"
[   184.537] (II) Loading /usr/lib/xorg/modules/drivers/modesetting_drv.so
[   184.545] (II) Module modesetting: vendor="X.Org Foundation"
[   184.545] 	compiled for 1.20.8, module version = 1.20.8
[   184.545] 	Module class: X.Org Video Driver
[   184.546] 	ABI class: X.Org Video Driver, version 24.1
[   184.546] (II) LoadModule: "fbdev"
[   184.546] (II) Loading /usr/lib/xorg/modules/drivers/fbdev_drv.so
[   184.559] (II) Module fbdev: vendor="X.Org Foundation"
[   184.559] 	compiled for 1.20.1, module version = 0.5.0
[   184.559] 	Module class: X.Org Video Driver
[   184.560] 	ABI class: X.Org Video Driver, version 24.0
[   184.560] (II) LoadModule: "vesa"
[   184.560] (II) Loading /usr/lib/xorg/modules/drivers/vesa_drv.so
[   184.561] (II) Module vesa: vendor="X.Org Foundation"
[   184.561] 	compiled for 1.20.1, module version = 2.4.0
[   184.562] 	Module class: X.Org Video Driver
[   184.562] 	ABI class: X.Org Video Driver, version 24.0
[   184.562] (II) vmware: driver for VMware SVGA: vmware0405, vmware0710
[   184.562] (II) modesetting: Driver for Modesetting Kernel Drivers: kms
[   184.562] (II) FBDEV: driver for framebuffer: fbdev
[   184.562] (II) VESA: driver for VESA chipsets: vesa
[   184.563] xf86EnableIOPorts: failed to set IOPL for I/O (Operation not permitted)
[   184.563] (WW) Falling back to old probe method for modesetting
[   184.563] (WW) Falling back to old probe method for fbdev
[   184.563] (II) Loading sub module "fbdevhw"
[   184.563] (II) LoadModule: "fbdevhw"
[   184.563] (II) Loading /usr/lib/xorg/modules/libfbdevhw.so
[   184.577] (II) Module fbdevhw: vendor="X.Org Foundation"
[   184.577] 	compiled for 1.20.8, module version = 0.0.2
[   184.578] 	ABI class: X.Org Video Driver, version 24.1
[   184.578] (EE) open /dev/fb0: Permission denied
[   184.578] (WW) VGA arbiter: cannot open kernel arbiter, no multi-card support
[   184.578] (II) vmware(0): Creating default Display subsection in Screen section
	"Default Screen Section" for depth/fbbpp 24/32
[   184.578] (--) vmware(0): DRM driver version is 2.15.0
[   184.578] (==) vmware(0): Depth 24, (--) framebuffer bpp 32
[   184.578] (==) vmware(0): RGB weight 888
[   184.578] (==) vmware(0): Default visual is TrueColor
[   184.578] (--) vmware(0): Min width 1, Max Width 8192.
[   184.578] (--) vmware(0): Min height 1, Max Height 8192.
[   184.578] (II) vmware(0): Output Virtual1 has no monitor section
[   184.578] (II) vmware(0): Output Virtual2 has no monitor section
[   184.578] (II) vmware(0): Output Virtual3 has no monitor section
[   184.578] (II) vmware(0): Output Virtual4 has no monitor section
[   184.578] (II) vmware(0): Output Virtual5 has no monitor section
[   184.579] (II) vmware(0): Output Virtual6 has no monitor section
[   184.579] (II) vmware(0): Output Virtual7 has no monitor section
[   184.579] (II) vmware(0): Output Virtual8 has no monitor section
[   184.579] (II) vmware(0): Printing probed modes for output Virtual1
[   184.579] (II) vmware(0): Modeline "800x600"x60.0   42.75  800 850 900 950  600 650 700 750 -hsync +vsync (45.0 kHz eP)
[   184.579] (II) vmware(0): Modeline "2560x1600"x60.0  348.50  2560 2752 3032 3504  1600 1603 1609 1658 -hsync +vsync (99.5 kHz e)
[   184.579] (II) vmware(0): Modeline "1920x1440"x60.0  234.00  1920 2048 2256 2600  1440 1441 1444 1500 -hsync +vsync (90.0 kHz e)
[   184.579] (II) vmware(0): Modeline "1856x1392"x60.0  218.25  1856 1952 2176 2528  1392 1393 1396 1439 -hsync +vsync (86.3 kHz e)
[   184.579] (II) vmware(0): Modeline "1792x1344"x60.0  204.75  1792 1920 2120 2448  1344 1345 1348 1394 -hsync +vsync (83.6 kHz e)
[   184.579] (II) vmware(0): Modeline "1920x1200"x59.9  193.25  1920 2056 2256 2592  1200 1203 1209 1245 -hsync +vsync (74.6 kHz e)
[   184.579] (II) vmware(0): Modeline "1600x1200"x60.0  162.00  1600 1664 1856 2160  1200 1201 1204 1250 +hsync +vsync (75.0 kHz e)
[   184.579] (II) vmware(0): Modeline "1680x1050"x60.0  146.25  1680 1784 1960 2240  1050 1053 1059 1089 -hsync +vsync (65.3 kHz e)
[   184.579] (II) vmware(0): Modeline "1400x1050"x60.0  121.75  1400 1488 1632 1864  1050 1053 1057 1089 -hsync +vsync (65.3 kHz e)
[   184.579] (II) vmware(0): Modeline "1280x1024"x60.0  108.00  1280 1328 1440 1688  1024 1025 1028 1066 +hsync +vsync (64.0 kHz e)
[   184.579] (II) vmware(0): Modeline "1440x900"x59.9  106.50  1440 1520 1672 1904  900 903 909 934 -hsync +vsync (55.9 kHz e)
[   184.579] (II) vmware(0): Modeline "1280x960"x60.0  108.00  1280 1376 1488 1800  960 961 964 1000 +hsync +vsync (60.0 kHz e)
[   184.579] (II) vmware(0): Modeline "1360x768"x60.0   85.50  1360 1424 1536 1792  768 771 777 795 +hsync +vsync (47.7 kHz e)
[   184.579] (II) vmware(0): Modeline "1280x800"x59.8   83.50  1280 1352 1480 1680  800 803 809 831 +hsync -vsync (49.7 kHz e)
[   184.579] (II) vmware(0): Modeline "1152x864"x75.0  108.00  1152 1216 1344 1600  864 865 868 900 +hsync +vsync (67.5 kHz e)
[   184.579] (II) vmware(0): Modeline "1280x768"x59.9   79.50  1280 1344 1472 1664  768 771 778 798 -hsync +vsync (47.8 kHz e)
[   184.579] (II) vmware(0): Modeline "1024x768"x60.0   65.00  1024 1048 1184 1344  768 771 777 806 -hsync -vsync (48.4 kHz e)
[   184.579] (II) vmware(0): Modeline "800x600"x60.3   40.00  800 840 968 1056  600 601 605 628 +hsync +vsync (37.9 kHz e)
[   184.579] (II) vmware(0): Modeline "640x480"x59.9   25.18  640 656 752 800  480 489 492 525 -hsync -vsync (31.5 kHz e)
[   184.579] (II) vmware(0): EDID for output Virtual2
[   184.579] (II) vmware(0): EDID for output Virtual3
[   184.579] (II) vmware(0): EDID for output Virtual4
[   184.579] (II) vmware(0): EDID for output Virtual5
[   184.579] (II) vmware(0): EDID for output Virtual6
[   184.579] (II) vmware(0): EDID for output Virtual7
[   184.579] (II) vmware(0): EDID for output Virtual8
[   184.579] (II) vmware(0): Output Virtual1 connected
[   184.579] (II) vmware(0): Output Virtual2 disconnected
[   184.579] (II) vmware(0): Output Virtual3 disconnected
[   184.579] (II) vmware(0): Output Virtual4 disconnected
[   184.579] (II) vmware(0): Output Virtual5 disconnected
[   184.579] (II) vmware(0): Output Virtual6 disconnected
[   184.579] (II) vmware(0): Output Virtual7 disconnected
[   184.579] (II) vmware(0): Output Virtual8 disconnected
[   184.579] (II) vmware(0): Using exact sizes for initial modes
[   184.579] (II) vmware(0): Output Virtual1 using initial mode 800x600 +0+0
[   184.579] (==) vmware(0): DPI set to (96, 96)
[   184.579] (==) vmware(0): Using gamma correction (1.0, 1.0, 1.0)
[   184.579] (II) Loading sub module "fb"
[   184.579] (II) LoadModule: "fb"
[   184.579] (II) Loading /usr/lib/xorg/modules/libfb.so
[   184.596] (II) Module fb: vendor="X.Org Foundation"
[   184.596] 	compiled for 1.20.8, module version = 1.0.0
[   184.596] 	ABI class: X.Org ANSI C Emulation, version 0.4
[   184.596] (II) Loading sub module "dri2"
[   184.596] (II) LoadModule: "dri2"
[   184.596] (II) Module "dri2" already built-in
[   184.596] (II) Loading sub module "dri3"
[   184.596] (II) LoadModule: "dri3"
[   184.596] (II) Module "dri3" already built-in
[   184.596] (II) UnloadModule: "modesetting"
[   184.596] (II) Unloading modesetting
[   184.596] (II) UnloadModule: "fbdev"
[   184.596] (II) Unloading fbdev
[   184.596] (II) UnloadSubModule: "fbdevhw"
[   184.596] (II) Unloading fbdevhw
[   184.596] (II) UnloadModule: "vesa"
[   184.596] (II) Unloading vesa
[   184.617] (II) vmware(0): Initialized VMWARE_CTRL extension version 0.2
[   184.668] (WW) vmware(0): Failed to initialize Gallium3D Xa. No render acceleration available.
[   184.668] (WW) vmware(0): Skipped initialization of direct rendering due to lack of render acceleration.
[   184.668] (--) vmware(0): Render acceleration is disabled.
[   184.668] (==) vmware(0): Rendercheck mode is disabled.
[   184.668] (--) vmware(0): Direct rendering (DRI2 3D) is disabled.
[   184.668] (--) vmware(0): Direct rendering (DRI3 3D) is disabled.
[   184.668] (==) vmware(0): Backing store enabled
[   184.668] (==) vmware(0): Silken mouse enabled
[   184.670] (==) vmware(0): DPMS enabled
[   184.670] (II) vmware(0): No 3D acceleration. Not setting up textured video.
[   184.670] (WW) vmware(0): Disabling Xv because no adaptors could be initialized.
[   184.670] (II) Initializing extension Generic Event Extension
[   184.670] (II) Initializing extension SHAPE
[   184.671] (II) Initializing extension MIT-SHM
[   184.671] (II) Initializing extension XInputExtension
[   184.672] (II) Initializing extension XTEST
[   184.672] (II) Initializing extension BIG-REQUESTS
[   184.672] (II) Initializing extension SYNC
[   184.672] (II) Initializing extension XKEYBOARD
[   184.672] (II) Initializing extension XC-MISC
[   184.673] (II) Initializing extension SECURITY
[   184.673] (II) Initializing extension XFIXES
[   184.673] (II) Initializing extension RENDER
[   184.673] (II) Initializing extension RANDR
[   184.673] (II) Initializing extension COMPOSITE
[   184.673] (II) Initializing extension DAMAGE
[   184.674] (II) Initializing extension MIT-SCREEN-SAVER
[   184.675] (II) Initializing extension DOUBLE-BUFFER
[   184.675] (II) Initializing extension RECORD
[   184.675] (II) Initializing extension DPMS
[   184.675] (II) Initializing extension Present
[   184.675] (II) Initializing extension DRI3
[   184.675] (II) Initializing extension X-Resource
[   184.675] (II) Initializing extension XVideo
[   184.675] (II) Initializing extension XVideo-MotionCompensation
[   184.675] (II) Initializing extension SELinux
[   184.675] (II) SELinux: Disabled on system
[   184.675] (II) Initializing extension GLX
[   184.676] (II) AIGLX: Screen 0 is not DRI2 capable
[   184.695] (II) IGLX: Loaded and initialized swrast
[   184.695] (II) GLX: Initialized DRISWRAST GL provider for screen 0
[   184.695] (II) Initializing extension XFree86-VidModeExtension
[   184.695] (II) Initializing extension XFree86-DGA
[   184.696] (II) Initializing extension XFree86-DRI
[   184.697] (II) Initializing extension DRI2
[   184.701] (II) vmware(0): Setting screen physical size to 211 x 158
[   184.743] (II) config/udev: Adding input device Power Button (/dev/input/event0)
[   184.743] (**) Power Button: Applying InputClass "libinput keyboard catchall"
[   184.743] (II) LoadModule: "libinput"
[   184.743] (II) Loading /usr/lib/xorg/modules/input/libinput_drv.so
[   184.782] (II) Module libinput: vendor="X.Org Foundation"
[   184.782] 	compiled for 1.20.1, module version = 0.28.1
[   184.782] 	Module class: X.Org XInput Driver
[   184.782] 	ABI class: X.Org XInput driver, version 24.1
[   184.782] (II) Using input driver 'libinput' for 'Power Button'
[   184.786] (II) systemd-logind: got fd for /dev/input/event0 13:64 fd 20 paused 0
[   184.786] (**) Power Button: always reports core events
[   184.786] (**) Option "Device" "/dev/input/event0"
[   184.786] (**) Option "_source" "server/udev"
[   184.787] (II) event0  - Power Button: is tagged by udev as: Keyboard
[   184.787] (II) event0  - Power Button: device is a keyboard
[   184.787] (II) event0  - Power Button: device removed
[   184.787] (**) Option "config_info" "udev:/sys/devices/LNXSYSTM:00/LNXPWRBN:00/input/input0/event0"
[   184.787] (II) XINPUT: Adding extended input device "Power Button" (type: KEYBOARD, id 6)
[   184.787] (**) Option "xkb_model" "pc105"
[   184.787] (**) Option "xkb_layout" "us"
[   184.787] (II) event0  - Power Button: is tagged by udev as: Keyboard
[   184.787] (II) event0  - Power Button: device is a keyboard
[   184.788] (II) config/udev: Adding input device Sleep Button (/dev/input/event1)
[   184.788] (**) Sleep Button: Applying InputClass "libinput keyboard catchall"
[   184.788] (II) Using input driver 'libinput' for 'Sleep Button'
[   184.793] (II) systemd-logind: got fd for /dev/input/event1 13:65 fd 23 paused 0
[   184.793] (**) Sleep Button: always reports core events
[   184.793] (**) Option "Device" "/dev/input/event1"
[   184.793] (**) Option "_source" "server/udev"
[   184.793] (II) event1  - Sleep Button: is tagged by udev as: Keyboard
[   184.793] (II) event1  - Sleep Button: device is a keyboard
[   184.793] (II) event1  - Sleep Button: device removed
[   184.793] (**) Option "config_info" "udev:/sys/devices/LNXSYSTM:00/LNXSLPBN:00/input/input1/event1"
[   184.793] (II) XINPUT: Adding extended input device "Sleep Button" (type: KEYBOARD, id 7)
[   184.793] (**) Option "xkb_model" "pc105"
[   184.793] (**) Option "xkb_layout" "us"
[   184.794] (II) event1  - Sleep Button: is tagged by udev as: Keyboard
[   184.794] (II) event1  - Sleep Button: device is a keyboard
[   184.794] (II) config/udev: Adding input device Video Bus (/dev/input/event3)
[   184.794] (**) Video Bus: Applying InputClass "libinput keyboard catchall"
[   184.794] (II) Using input driver 'libinput' for 'Video Bus'
[   184.798] (II) systemd-logind: got fd for /dev/input/event3 13:67 fd 24 paused 0
[   184.799] (**) Video Bus: always reports core events
[   184.799] (**) Option "Device" "/dev/input/event3"
[   184.799] (**) Option "_source" "server/udev"
[   184.799] (II) event3  - Video Bus: is tagged by udev as: Keyboard
[   184.799] (II) event3  - Video Bus: device is a keyboard
[   184.799] (II) event3  - Video Bus: device removed
[   184.799] (**) Option "config_info" "udev:/sys/devices/LNXSYSTM:00/LNXSYBUS:00/PNP0A03:00/LNXVIDEO:00/input/input4/event3"
[   184.799] (II) XINPUT: Adding extended input device "Video Bus" (type: KEYBOARD, id 8)
[   184.799] (**) Option "xkb_model" "pc105"
[   184.799] (**) Option "xkb_layout" "us"
[   184.800] (II) event3  - Video Bus: is tagged by udev as: Keyboard
[   184.800] (II) event3  - Video Bus: device is a keyboard
[   184.801] (II) config/udev: Adding input device VirtualBox mouse integration (/dev/input/event6)
[   184.801] (**) VirtualBox mouse integration: Applying InputClass "libinput pointer catchall"
[   184.801] (II) Using input driver 'libinput' for 'VirtualBox mouse integration'
[   184.807] (II) systemd-logind: got fd for /dev/input/event6 13:70 fd 25 paused 0
[   184.807] (**) VirtualBox mouse integration: always reports core events
[   184.807] (**) Option "Device" "/dev/input/event6"
[   184.807] (**) Option "_source" "server/udev"
[   184.808] (II) event6  - VirtualBox mouse integration: is tagged by udev as: Mouse
[   184.808] (II) event6  - VirtualBox mouse integration: device is a pointer
[   184.808] (II) event6  - VirtualBox mouse integration: device removed
[   184.808] (**) Option "config_info" "udev:/sys/devices/pci0000:00/0000:00:04.0/input/input7/event6"
[   184.808] (II) XINPUT: Adding extended input device "VirtualBox mouse integration" (type: MOUSE, id 9)
[   184.808] (**) Option "AccelerationScheme" "none"
[   184.808] (**) VirtualBox mouse integration: (accel) selected scheme none/0
[   184.808] (**) VirtualBox mouse integration: (accel) acceleration factor: 2.000
[   184.808] (**) VirtualBox mouse integration: (accel) acceleration threshold: 4
[   184.809] (II) event6  - VirtualBox mouse integration: is tagged by udev as: Mouse
[   184.809] (II) event6  - VirtualBox mouse integration: device is a pointer
[   184.809] (II) config/udev: Adding input device VirtualBox mouse integration (/dev/input/js1)
[   184.809] (II) No input driver specified, ignoring this device.
[   184.809] (II) This device may have been added with another device file.
[   184.810] (II) config/udev: Adding input device VirtualBox USB Tablet (/dev/input/event5)
[   184.810] (**) VirtualBox USB Tablet: Applying InputClass "libinput pointer catchall"
[   184.810] (II) Using input driver 'libinput' for 'VirtualBox USB Tablet'
[   184.870] (II) systemd-logind: got fd for /dev/input/event5 13:69 fd 26 paused 0
[   184.870] (**) VirtualBox USB Tablet: always reports core events
[   184.870] (**) Option "Device" "/dev/input/event5"
[   184.870] (**) Option "_source" "server/udev"
[   184.870] (II) event5  - VirtualBox USB Tablet: is tagged by udev as: Mouse
[   184.870] (II) event5  - VirtualBox USB Tablet: device is a pointer
[   184.870] (II) event5  - VirtualBox USB Tablet: device removed
[   184.870] (**) Option "config_info" "udev:/sys/devices/pci0000:00/0000:00:06.0/usb1/1-1/1-1:1.0/0003:80EE:0021.0001/input/input6/event5"
[   184.871] (II) XINPUT: Adding extended input device "VirtualBox USB Tablet" (type: MOUSE, id 10)
[   184.871] (**) Option "AccelerationScheme" "none"
[   184.871] (**) VirtualBox USB Tablet: (accel) selected scheme none/0
[   184.871] (**) VirtualBox USB Tablet: (accel) acceleration factor: 2.000
[   184.871] (**) VirtualBox USB Tablet: (accel) acceleration threshold: 4
[   184.871] (II) event5  - VirtualBox USB Tablet: is tagged by udev as: Mouse
[   184.871] (II) event5  - VirtualBox USB Tablet: device is a pointer
[   184.872] (II) config/udev: Adding input device VirtualBox USB Tablet (/dev/input/js0)
[   184.872] (II) No input driver specified, ignoring this device.
[   184.872] (II) This device may have been added with another device file.
[   184.872] (II) config/udev: Adding input device VirtualBox USB Tablet (/dev/input/mouse1)
[   184.872] (II) No input driver specified, ignoring this device.
[   184.872] (II) This device may have been added with another device file.
[   184.873] (II) config/udev: Adding input device AT Translated Set 2 keyboard (/dev/input/event2)
[   184.873] (**) AT Translated Set 2 keyboard: Applying InputClass "libinput keyboard catchall"
[   184.873] (II) Using input driver 'libinput' for 'AT Translated Set 2 keyboard'
[   184.876] (II) systemd-logind: got fd for /dev/input/event2 13:66 fd 27 paused 0
[   184.876] (**) AT Translated Set 2 keyboard: always reports core events
[   184.876] (**) Option "Device" "/dev/input/event2"
[   184.876] (**) Option "_source" "server/udev"
[   184.877] (II) event2  - AT Translated Set 2 keyboard: is tagged by udev as: Keyboard
[   184.877] (II) event2  - AT Translated Set 2 keyboard: device is a keyboard
[   184.877] (II) event2  - AT Translated Set 2 keyboard: device removed
[   184.877] (**) Option "config_info" "udev:/sys/devices/platform/i8042/serio0/input/input2/event2"
[   184.877] (II) XINPUT: Adding extended input device "AT Translated Set 2 keyboard" (type: KEYBOARD, id 11)
[   184.877] (**) Option "xkb_model" "pc105"
[   184.877] (**) Option "xkb_layout" "us"
[   184.877] (II) event2  - AT Translated Set 2 keyboard: is tagged by udev as: Keyboard
[   184.877] (II) event2  - AT Translated Set 2 keyboard: device is a keyboard
[   184.878] (II) config/udev: Adding input device ImExPS/2 Generic Explorer Mouse (/dev/input/event4)
[   184.878] (**) ImExPS/2 Generic Explorer Mouse: Applying InputClass "libinput pointer catchall"
[   184.878] (II) Using input driver 'libinput' for 'ImExPS/2 Generic Explorer Mouse'
[   184.881] (II) systemd-logind: got fd for /dev/input/event4 13:68 fd 28 paused 0
[   184.881] (**) ImExPS/2 Generic Explorer Mouse: always reports core events
[   184.881] (**) Option "Device" "/dev/input/event4"
[   184.881] (**) Option "_source" "server/udev"
[   184.882] (II) event4  - ImExPS/2 Generic Explorer Mouse: is tagged by udev as: Mouse
[   184.882] (II) event4  - ImExPS/2 Generic Explorer Mouse: device is a pointer
[   184.882] (II) event4  - ImExPS/2 Generic Explorer Mouse: device removed
[   184.882] (**) Option "config_info" "udev:/sys/devices/platform/i8042/serio1/input/input5/event4"
[   184.882] (II) XINPUT: Adding extended input device "ImExPS/2 Generic Explorer Mouse" (type: MOUSE, id 12)
[   184.882] (**) Option "AccelerationScheme" "none"
[   184.882] (**) ImExPS/2 Generic Explorer Mouse: (accel) selected scheme none/0
[   184.882] (**) ImExPS/2 Generic Explorer Mouse: (accel) acceleration factor: 2.000
[   184.882] (**) ImExPS/2 Generic Explorer Mouse: (accel) acceleration threshold: 4
[   184.883] (II) event4  - ImExPS/2 Generic Explorer Mouse: is tagged by udev as: Mouse
[   184.883] (II) event4  - ImExPS/2 Generic Explorer Mouse: device is a pointer
[   184.883] (II) config/udev: Adding input device ImExPS/2 Generic Explorer Mouse (/dev/input/mouse0)
[   184.883] (II) No input driver specified, ignoring this device.
[   184.883] (II) This device may have been added with another device file.
[  1337.458] (EE) client bug: timer event4 debounce: offset negative (-43ms)
[  1337.666] (EE) client bug: timer event4 debounce: offset negative (-164ms)
[  1337.666] (EE) client bug: timer event4 debounce short: offset negative (-177ms)
[  1443.948] (EE) client bug: timer event4 debounce: offset negative (-25ms)
