[2021-04-09 00:15:07.968] [exthost] [info] extension host started
[2021-04-09 00:15:08.994] [exthost] [info] ExtensionService#_doActivateExtension vscode.microsoft-authentication {"startup":false,"extensionId":{"value":"vscode.microsoft-authentication","_lower":"vscode.microsoft-authentication"},"activationEvent":"onAuthenticationRequest:microsoft"}
[2021-04-09 00:15:08.994] [exthost] [info] ExtensionService#loadCommonJSModule file:///snap/code/60/usr/share/code/resources/app/extensions/microsoft-authentication/dist/extension.js
[2021-04-09 00:15:09.089] [exthost] [info] ExtensionService#_doActivateExtension vscode.debug-auto-launch {"startup":true,"extensionId":{"value":"vscode.debug-auto-launch","_lower":"vscode.debug-auto-launch"},"activationEvent":"*"}
[2021-04-09 00:15:09.095] [exthost] [info] ExtensionService#loadCommonJSModule file:///snap/code/60/usr/share/code/resources/app/extensions/debug-auto-launch/dist/extension
[2021-04-09 00:15:09.155] [exthost] [info] ExtensionService#_doActivateExtension vscode.git {"startup":true,"extensionId":{"value":"vscode.github","_lower":"vscode.github"},"activationEvent":"*"}
[2021-04-09 00:15:09.155] [exthost] [info] ExtensionService#loadCommonJSModule file:///snap/code/60/usr/share/code/resources/app/extensions/git/dist/main
[2021-04-09 00:15:10.651] [exthost] [info] ExtensionService#_doActivateExtension ms-azuretools.vscode-docker {"startup":false,"extensionId":{"value":"ms-azuretools.vscode-docker","_lower":"ms-azuretools.vscode-docker"},"activationEvent":"onLanguage:dockercompose"}
[2021-04-09 00:15:10.651] [exthost] [info] ExtensionService#loadCommonJSModule file:///home/vcheremnykh/.vscode/extensions/ms-azuretools.vscode-docker-1.11.0/main
[2021-04-09 00:15:17.109] [exthost] [info] ExtensionService#_doActivateExtension vscode.github {"startup":true,"extensionId":{"value":"vscode.github","_lower":"vscode.github"},"activationEvent":"*"}
[2021-04-09 00:15:17.116] [exthost] [info] ExtensionService#loadCommonJSModule file:///snap/code/60/usr/share/code/resources/app/extensions/github/dist/extension.js
[2021-04-09 00:15:17.359] [exthost] [info] ExtensionService#_doActivateExtension ms-vscode.js-debug {"startup":false,"extensionId":{"value":"ms-vscode.js-debug","_lower":"ms-vscode.js-debug"},"activationEvent":"onCommand:extension.js-debug.clearAutoAttachVariables"}
[2021-04-09 00:15:17.359] [exthost] [info] ExtensionService#loadCommonJSModule file:///snap/code/60/usr/share/code/resources/app/extensions/ms-vscode.js-debug/src/extension.js
[2021-04-09 00:15:33.129] [exthost] [warning] [Decorations] CAPPING events from decorations provider vscode.git 4258
[2021-04-09 00:15:42.145] [exthost] [info] ExtensionService#_doActivateExtension vscode.emmet {"startup":false,"extensionId":{"value":"vscode.emmet","_lower":"vscode.emmet"},"activationEvent":"onStartupFinished"}
[2021-04-09 00:15:42.332] [exthost] [info] ExtensionService#loadCommonJSModule file:///snap/code/60/usr/share/code/resources/app/extensions/emmet/dist/node/emmetNodeMain
[2021-04-09 00:15:42.911] [exthost] [info] ExtensionService#_doActivateExtension vscode.merge-conflict {"startup":false,"extensionId":{"value":"vscode.merge-conflict","_lower":"vscode.merge-conflict"},"activationEvent":"onStartupFinished"}
[2021-04-09 00:15:42.911] [exthost] [info] ExtensionService#loadCommonJSModule file:///snap/code/60/usr/share/code/resources/app/extensions/merge-conflict/dist/mergeConflictMain
[2021-04-09 00:15:43.136] [exthost] [info] ExtensionService#_doActivateExtension vscode.testing-editor-contributions {"startup":false,"extensionId":{"value":"vscode.testing-editor-contributions","_lower":"vscode.testing-editor-contributions"},"activationEvent":"onStartupFinished"}
[2021-04-09 00:15:43.137] [exthost] [info] ExtensionService#loadCommonJSModule file:///snap/code/60/usr/share/code/resources/app/extensions/testing-editor-contributions/dist/extension.js
[2021-04-09 00:15:43.327] [exthost] [info] eager extensions activated
[2021-04-09 00:15:46.715] [exthost] [info] ExtensionService#_doActivateExtension vscode.github-authentication {"startup":false,"extensionId":{"value":"vscode.github-authentication","_lower":"vscode.github-authentication"},"activationEvent":"onAuthenticationRequest:github"}
[2021-04-09 00:15:46.716] [exthost] [info] ExtensionService#loadCommonJSModule file:///snap/code/60/usr/share/code/resources/app/extensions/github-authentication/dist/extension.js
[2021-04-09 00:16:08.353] [exthost] [info] ExtensionService#_doActivateExtension vscode.html-language-features {"startup":false,"extensionId":{"value":"vscode.html-language-features","_lower":"vscode.html-language-features"},"activationEvent":"onLanguage:html"}
[2021-04-09 00:16:08.353] [exthost] [info] ExtensionService#loadCommonJSModule file:///snap/code/60/usr/share/code/resources/app/extensions/html-language-features/client/dist/node/htmlClientMain
[2021-04-09 00:23:53.994] [exthost] [warning] [Decorations] CAPPING events from decorations provider vscode.git 4263
