[2021-04-10 17:15:04.827] [exthost] [info] extension host started
[2021-04-10 17:15:06.962] [exthost] [info] ExtensionService#_doActivateExtension vscode.microsoft-authentication {"startup":false,"extensionId":{"value":"vscode.microsoft-authentication","_lower":"vscode.microsoft-authentication"},"activationEvent":"onAuthenticationRequest:microsoft"}
[2021-04-10 17:15:06.962] [exthost] [info] ExtensionService#loadCommonJSModule file:///snap/code/61/usr/share/code/resources/app/extensions/microsoft-authentication/dist/extension.js
[2021-04-10 17:15:07.026] [exthost] [info] ExtensionService#_doActivateExtension vscode.debug-auto-launch {"startup":true,"extensionId":{"value":"vscode.debug-auto-launch","_lower":"vscode.debug-auto-launch"},"activationEvent":"*"}
[2021-04-10 17:15:07.032] [exthost] [info] ExtensionService#loadCommonJSModule file:///snap/code/61/usr/share/code/resources/app/extensions/debug-auto-launch/dist/extension
[2021-04-10 17:15:07.048] [exthost] [info] ExtensionService#_doActivateExtension vscode.git {"startup":true,"extensionId":{"value":"vscode.github","_lower":"vscode.github"},"activationEvent":"*"}
[2021-04-10 17:15:07.048] [exthost] [info] ExtensionService#loadCommonJSModule file:///snap/code/61/usr/share/code/resources/app/extensions/git/dist/main
[2021-04-10 17:15:07.496] [exthost] [info] ExtensionService#_doActivateExtension ms-azuretools.vscode-docker {"startup":false,"extensionId":{"value":"ms-azuretools.vscode-docker","_lower":"ms-azuretools.vscode-docker"},"activationEvent":"onLanguage:dockercompose"}
[2021-04-10 17:15:07.496] [exthost] [info] ExtensionService#loadCommonJSModule file:///home/vcheremnykh/.vscode/extensions/ms-azuretools.vscode-docker-1.11.0/main
[2021-04-10 17:15:08.458] [exthost] [info] ExtensionService#_doActivateExtension vscode.github {"startup":true,"extensionId":{"value":"vscode.github","_lower":"vscode.github"},"activationEvent":"*"}
[2021-04-10 17:15:08.461] [exthost] [info] ExtensionService#loadCommonJSModule file:///snap/code/61/usr/share/code/resources/app/extensions/github/dist/extension.js
[2021-04-10 17:15:08.934] [exthost] [info] ExtensionService#_doActivateExtension ms-vscode.js-debug {"startup":false,"extensionId":{"value":"ms-vscode.js-debug","_lower":"ms-vscode.js-debug"},"activationEvent":"onCommand:extension.js-debug.clearAutoAttachVariables"}
[2021-04-10 17:15:08.938] [exthost] [info] ExtensionService#loadCommonJSModule file:///snap/code/61/usr/share/code/resources/app/extensions/ms-vscode.js-debug/src/extension.js
[2021-04-10 17:15:10.067] [exthost] [info] eager extensions activated
[2021-04-10 17:15:10.347] [exthost] [info] ExtensionService#_doActivateExtension vscode.emmet {"startup":false,"extensionId":{"value":"vscode.emmet","_lower":"vscode.emmet"},"activationEvent":"onStartupFinished"}
[2021-04-10 17:15:10.352] [exthost] [info] ExtensionService#loadCommonJSModule file:///snap/code/61/usr/share/code/resources/app/extensions/emmet/dist/node/emmetNodeMain
[2021-04-10 17:15:10.449] [exthost] [info] ExtensionService#_doActivateExtension vscode.merge-conflict {"startup":false,"extensionId":{"value":"vscode.merge-conflict","_lower":"vscode.merge-conflict"},"activationEvent":"onStartupFinished"}
[2021-04-10 17:15:10.452] [exthost] [info] ExtensionService#loadCommonJSModule file:///snap/code/61/usr/share/code/resources/app/extensions/merge-conflict/dist/mergeConflictMain
[2021-04-10 17:15:10.494] [exthost] [info] ExtensionService#_doActivateExtension vscode.testing-editor-contributions {"startup":false,"extensionId":{"value":"vscode.testing-editor-contributions","_lower":"vscode.testing-editor-contributions"},"activationEvent":"onStartupFinished"}
[2021-04-10 17:15:10.494] [exthost] [info] ExtensionService#loadCommonJSModule file:///snap/code/61/usr/share/code/resources/app/extensions/testing-editor-contributions/dist/extension.js
[2021-04-10 17:15:11.351] [exthost] [info] ExtensionService#_doActivateExtension vscode.github-authentication {"startup":false,"extensionId":{"value":"vscode.github-authentication","_lower":"vscode.github-authentication"},"activationEvent":"onAuthenticationRequest:github"}
[2021-04-10 17:15:11.355] [exthost] [info] ExtensionService#loadCommonJSModule file:///snap/code/61/usr/share/code/resources/app/extensions/github-authentication/dist/extension.js
[2021-04-10 17:15:15.466] [exthost] [info] ExtensionService#_doActivateExtension vscode.html-language-features {"startup":false,"extensionId":{"value":"vscode.html-language-features","_lower":"vscode.html-language-features"},"activationEvent":"onLanguage:html"}
[2021-04-10 17:15:15.466] [exthost] [info] ExtensionService#loadCommonJSModule file:///snap/code/61/usr/share/code/resources/app/extensions/html-language-features/client/dist/node/htmlClientMain
[2021-04-10 17:15:17.808] [exthost] [warning] [Decorations] CAPPING events from decorations provider vscode.git 4470
[2021-04-10 18:06:35.708] [exthost] [warning] [Decorations] CAPPING events from decorations provider vscode.git 4483
[2021-04-10 18:12:32.715] [exthost] [warning] [Decorations] CAPPING events from decorations provider vscode.git 4483
[2021-04-10 18:16:00.335] [exthost] [warning] [Decorations] CAPPING events from decorations provider vscode.git 4483
[2021-04-10 18:16:10.836] [exthost] [warning] [Decorations] CAPPING events from decorations provider vscode.git 4483
[2021-04-10 18:17:09.129] [exthost] [warning] [Decorations] CAPPING events from decorations provider vscode.git 4483
[2021-04-10 18:18:18.314] [exthost] [warning] [Decorations] CAPPING events from decorations provider vscode.git 4483
[2021-04-10 18:19:03.686] [exthost] [warning] [Decorations] CAPPING events from decorations provider vscode.git 4483
[2021-04-10 18:35:07.183] [exthost] [warning] [Decorations] CAPPING events from decorations provider vscode.git 4483
[2021-04-10 18:35:14.868] [exthost] [warning] [Decorations] CAPPING events from decorations provider vscode.git 4483
[2021-04-10 18:59:01.594] [exthost] [warning] [Decorations] CAPPING events from decorations provider vscode.git 4483
